<?xml version="1.0" encoding="UTF-8"?>
<testng-results skipped="0" failed="0" ignored="0" total="0" passed="0">
  <reporter-output>
  </reporter-output>
  <suite name="Suite1" duration-ms="4" started-at="2020-03-15T11:27:59Z" finished-at="2020-03-15T11:27:59Z">
    <groups>
    </groups>
    <test name="Command line test 3c0fbfa0-a801-4a27-8769-fa1f7bcc4eb4" duration-ms="4" started-at="2020-03-15T11:27:59Z" finished-at="2020-03-15T11:27:59Z">
    </test> <!-- Command line test 3c0fbfa0-a801-4a27-8769-fa1f7bcc4eb4 -->
  </suite> <!-- Suite1 -->
</testng-results>
